<?xml version="1.0" encoding="UTF-8"?>
<!-- Generated by org.testng.reporters.JUnitReportReporter -->
<testsuite hostname="TYSS-Chaithra" failures="0" tests="3" name="testNG.DataProviderPractice" time="0.004" errors="0" timestamp="2023-07-17T08:34:08 IST" skipped="0">
  <testcase classname="testNG.DataProviderPractice" name="dataProviderDemo" time="0.001"/>
  <system-out/>
  <testcase classname="testNG.DataProviderPractice" name="dataProviderDemo" time="0.002"/>
  <system-out/>
  <testcase classname="testNG.DataProviderPractice" name="dataProviderDemo" time="0.001"/>
  <system-out/>
</testsuite> <!-- testNG.DataProviderPractice -->
