<?xml version="1.0" encoding="UTF-8"?>
<!-- Generated by org.testng.reporters.JUnitReportReporter -->
<testsuite hostname="TYSS-Chaithra" failures="0" tests="1" name="pomClasses.LoginToActiTimeApp" time="19.491" errors="0" timestamp="2023-07-17T09:03:48 IST" skipped="0">
  <testcase classname="pomClasses.LoginToActiTimeApp" name="loginTest" time="19.491"/>
  <system-out/>
</testsuite> <!-- pomClasses.LoginToActiTimeApp -->
