<?xml version="1.0" encoding="UTF-8"?>
<!-- Generated by org.testng.reporters.JUnitReportReporter -->
<testsuite hostname="TYSS-Chaithra" failures="0" tests="2" name="testNG.TestNGPractice" time="0.016" errors="0" timestamp="2023-07-15T07:40:40 IST" skipped="0">
  <testcase classname="testNG.TestNGPractice" name="sample" time="0.014"/>
  <system-out/>
  <testcase classname="testNG.TestNGPractice" name="sampleTest" time="0.002"/>
  <system-out/>
</testsuite> <!-- testNG.TestNGPractice -->
