<?xml version="1.0" encoding="UTF-8"?>
<!-- Generated by org.testng.reporters.JUnitReportReporter -->
<testsuite hostname="TYSS-Chaithra" failures="0" tests="1" name="locators.LoginToActitime" time="10.548" errors="0" timestamp="2023-07-17T08:34:08 IST" skipped="0">
  <testcase classname="locators.LoginToActitime" name="loginToActiTimeTest" time="10.548"/>
  <system-out/>
</testsuite> <!-- locators.LoginToActitime -->
